[INFO][book.go:98]2020/03/19 10:49:15 [parseDate error:  parsing time "2020-03-08" as "2006-01-02 15:04:05": cannot parse "" as "15"]
[INFO][book.go:140]2020/03/19 10:49:15 [date 预约日期不能为空]
[INFO][book.go:140]2020/03/19 10:49:15 [content 内容不能为空]
[INFO][main.go:39]2020/03/19 10:55:14 [Shutdown Server ...]
[INFO][main.go:49]2020/03/19 10:55:14 [Server Exiting]
[INFO][main.go:39]2020/03/19 10:56:35 [Shutdown Server ...]
[INFO][main.go:49]2020/03/19 10:56:35 [Server Exiting]
[INFO][main.go:39]2020/03/19 11:09:34 [Shutdown Server ...]
[INFO][main.go:49]2020/03/19 11:09:34 [Server Exiting]
[INFO][main.go:39]2020/03/19 11:16:36 [Shutdown Server ...]
[INFO][main.go:49]2020/03/19 11:16:36 [Server Exiting]
[INFO][main.go:31]2020/03/19 11:16:36 [Listen :  http: Server closed]
[INFO][main.go:39]2020/03/19 11:41:35 [Shutdown Server ...]
[INFO][main.go:49]2020/03/19 11:41:35 [Server Exiting]
[INFO][main.go:39]2020/03/19 11:43:32 [Shutdown Server ...]
[INFO][main.go:49]2020/03/19 11:43:32 [Server Exiting]
[INFO][book.go:98]2020/03/19 11:43:44 [parseDate error:  parsing time "" as "2006-01-02 15:04:05": cannot parse "" as "2006"]
[INFO][book.go:140]2020/03/19 11:43:44 [date 预约日期不能为空]
[INFO][main.go:39]2020/03/19 11:51:05 [Shutdown Server ...]
[INFO][main.go:49]2020/03/19 11:51:05 [Server Exiting]
[INFO][main.go:39]2020/03/19 13:00:50 [Shutdown Server ...]
[INFO][main.go:49]2020/03/19 13:00:50 [Server Exiting]
[INFO][main.go:39]2020/03/19 13:01:58 [Shutdown Server ...]
[INFO][main.go:49]2020/03/19 13:01:58 [Server Exiting]
[INFO][main.go:39]2020/03/19 13:03:34 [Shutdown Server ...]
[INFO][main.go:49]2020/03/19 13:03:34 [Server Exiting]
[INFO][main.go:39]2020/03/19 13:04:01 [Shutdown Server ...]
[INFO][main.go:49]2020/03/19 13:04:01 [Server Exiting]
[INFO][main.go:39]2020/03/19 13:11:53 [Shutdown Server ...]
[INFO][main.go:49]2020/03/19 13:11:53 [Server Exiting]
[INFO][main.go:39]2020/03/19 13:16:42 [Shutdown Server ...]
[INFO][main.go:31]2020/03/19 13:16:42 [Listen :  http: Server closed]
[INFO][main.go:49]2020/03/19 13:16:42 [Server Exiting]
[INFO][main.go:39]2020/03/19 13:18:30 [Shutdown Server ...]
[INFO][main.go:49]2020/03/19 13:18:30 [Server Exiting]
[INFO][main.go:39]2020/03/19 13:20:27 [Shutdown Server ...]
[INFO][main.go:49]2020/03/19 13:20:27 [Server Exiting]
[INFO][main.go:39]2020/03/19 14:17:58 [Shutdown Server ...]
[INFO][main.go:49]2020/03/19 14:17:58 [Server Exiting]
[INFO][main.go:39]2020/03/19 19:48:05 [Shutdown Server ...]
[INFO][main.go:49]2020/03/19 19:48:05 [Server Exiting]
[INFO][main.go:39]2020/03/19 19:51:11 [Shutdown Server ...]
[INFO][main.go:49]2020/03/19 19:51:11 [Server Exiting]
